"C:/Users/keyle/Documents/LD31/LD31/LD31.uproject" 1
"../../../Engine/Plugins/2D/Paper2D/Paper2D.uplugin" 2
"../../../Engine/Plugins/Developer/BlankPlugin/BlankPlugin.uplugin" 3
"../../../Engine/Plugins/Developer/PerforceSourceControl/PerforceSourceControl.uplugin" 4
"../../../Engine/Plugins/Developer/SubversionSourceControl/SubversionSourceControl.uplugin" 5
"../../../Engine/Plugins/Developer/UObjectPlugin/UObjectPlugin.uplugin" 6
"../../../Engine/Plugins/Developer/VisualStudioSourceCodeAccess/VisualStudioSourceCodeAccess.uplugin" 7
"../../../Engine/Plugins/Developer/XCodeSourceCodeAccess/XCodeSourceCodeAccess.uplugin" 8
"../../../Engine/Plugins/Editor/EpicSurvey/EpicSurvey.uplugin" 9
"../../../Engine/Plugins/Editor/MacGraphicsSwitching/MacGraphicsSwitching.uplugin" 10
"../../../Engine/Plugins/Editor/PluginsEditor/PluginsEditor.uplugin" 11
"../../../Engine/Plugins/Editor/SpeedTreeImporter/SpeedTreeImporter.uplugin" 12
"../../../Engine/Plugins/Experimental/BlueprintStats/BlueprintStats.uplugin" 13
"../../../Engine/Plugins/Experimental/CharacterAI/CharacterAI.uplugin" 14
"../../../Engine/Plugins/Experimental/CodeView/CodeView.uplugin" 15
"../../../Engine/Plugins/Experimental/LiveEditor/LiveEditor.uplugin" 16
"../../../Engine/Plugins/Experimental/Phya/Phya.uplugin" 17
"../../../Engine/Plugins/Experimental/SteamVR/SteamVR.uplugin" 18
"../../../Engine/Plugins/Media/AvfMedia/AvfMedia.uplugin" 19
"../../../Engine/Plugins/Media/MediaPlayerEditor/MediaPlayerEditor.uplugin" 20
"../../../Engine/Plugins/Media/WmfMedia/WmfMedia.uplugin" 21
"../../../Engine/Plugins/Messaging/MessagingDebugger/MessagingDebugger.uplugin" 22
"../../../Engine/Plugins/Messaging/ShmMessaging/ShmMessaging.uplugin" 23
"../../../Engine/Plugins/Messaging/UdpMessaging/UdpMessaging.uplugin" 24
"../../../Engine/Plugins/Runtime/Advertising/IOSTapJoy/IOSTapJoy.uplugin" 25
"../../../Engine/Plugins/Runtime/Analytics/AnalyticsBlueprintLibrary/AnalyticsBlueprintLibrary.uplugin" 26
"../../../Engine/Plugins/Runtime/Analytics/Apsalar/IOSApsalar/IOSApsalar.uplugin" 27
"../../../Engine/Plugins/Runtime/Analytics/FileLogging/FileLogging.uplugin" 28
"../../../Engine/Plugins/Runtime/AndroidDeviceProfileSelector/AndroidDeviceProfileSelector.uplugin" 29
"../../../Engine/Plugins/Runtime/AppleMoviePlayer/AppleMoviePlayer.uplugin" 30
"../../../Engine/Plugins/Runtime/CableComponent/CableComponent.uplugin" 31
"../../../Engine/Plugins/Runtime/CustomMeshComponent/CustomMeshComponent.uplugin" 32
"../../../Engine/Plugins/Runtime/ExampleDeviceProfileSelector/ExampleDeviceProfileSelector.uplugin" 33
"../../../Engine/Plugins/Runtime/IOSDeviceProfileSelector/IOSDeviceProfileSelector.uplugin" 34
"../../../Engine/Plugins/Runtime/LiveEditorListenServer/LiveEditorListenServer.uplugin" 35
"../../../Engine/Plugins/Runtime/OculusRift/OculusRift.uplugin" 36
"../../../Engine/Plugins/Runtime/SoundMod/SoundMod.uplugin" 37
"../../../Engine/Plugins/Runtime/SoundVisualizations/SoundVisualizations.uplugin" 38
"../../../Engine/Plugins/Runtime/TwitchLiveStreaming/TwitchLiveStreaming.uplugin" 39
"../../../Engine/Plugins/Runtime/WindowsDeviceProfileSelector/WindowsDeviceProfileSelector.uplugin" 40
"../../../Engine/Plugins/Runtime/WindowsMoviePlayer/WindowsMoviePlayer.uplugin" 41
"../../../Engine/Plugins/ScriptGeneratorPlugin/ScriptGeneratorPlugin.uplugin" 42
"../../../Engine/Plugins/ScriptPlugin/ScriptPlugin.uplugin" 43
"../../../Engine/Plugins/Slate/SlateRemote/SlateRemote.uplugin" 44
"..\..\..\Engine\Content\Internationalization\icudt53l\cnvalias.icu" 45
"..\..\..\Engine\Content\Internationalization\icudt53l\en_US_POSIX.res" 46
"..\..\..\Engine\Content\Internationalization\icudt53l\pool.res" 47
"..\..\..\Engine\Content\Internationalization\icudt53l\en_US.res" 48
"..\..\..\Engine\Content\Internationalization\icudt53l\en.res" 49
"..\..\..\Engine\Content\Internationalization\icudt53l\root.res" 50
"..\..\..\Engine\Content\Internationalization\icudt53l\coll\ucadata.icu" 51
"..\..\..\Engine\Content\Internationalization\icudt53l\nfc.nrm" 52
"..\..\..\Engine\Content\Internationalization\icudt53l\coll\en_US_POSIX.res" 53
"..\..\..\Engine\Content\Internationalization\icudt53l\coll\en_US.res" 54
"..\..\..\Engine\Content\Internationalization\icudt53l\coll\en.res" 55
"..\..\..\Engine\Content\Internationalization\icudt53l\coll\root.res" 56
"..\..\..\Engine\Content\Internationalization\icudt53l\numberingSystems.res" 57
"..\..\..\Engine\Content\Internationalization\icudt53l\curr\supplementalData.res" 58
"..\..\..\Engine\Content\Internationalization\icudt53l\curr\pool.res" 59
"..\..\..\Engine\Content\Internationalization\icudt53l\curr\en.res" 60
"..\..\..\Engine\Content\Internationalization\icudt53l\curr\root.res" 61
"..\..\..\Engine\Content\Internationalization\icudt53l\en_AU.res" 62
"..\..\..\Engine\Content\Internationalization\icudt53l\en_GB.res" 63
"..\..\..\Engine\Content\Internationalization\icudt53l\en_001.res" 64
"..\..\..\Engine\Content\Internationalization\icudt53l\plurals.res" 65
"..\..\..\Engine\Content\Internationalization\icudt53l\windowsZones.res" 66
"..\..\..\Engine\Content\Internationalization\icudt53l\zoneinfo64.res" 67
"..\..\..\Engine\Content\Internationalization\icudt53l\keyTypeData.res" 68
"..\..\..\Engine\Content\Internationalization\icudt53l\timezoneTypes.res" 69
"..\..\..\Engine\Content\Internationalization\icudt53l\supplementalData.res" 70
"..\..\..\Engine\Content\Internationalization\icudt53l\likelySubtags.res" 71
"..\..\..\Engine\Content\Internationalization\icudt53l\curr\en_AU.res" 72
"..\..\..\Engine\Content\Internationalization\icudt53l\curr\en_GB.res" 73
"..\..\..\Engine\Content\Internationalization\icudt53l\curr\en_001.res" 74
"../../../Engine/Config/Base.ini" 75
"../../../Engine/Config/BaseEngine.ini" 76
"../../../../../../Users/keyle/Documents/LD31/LD31/Config/DefaultEngine.ini" 77
"../../../Engine/Config/Windows/WindowsEngine.ini" 78
"C:/Users/keyle/Documents/LD31/LD31/Saved/Config/Windows/Engine.ini" 79
"../../../../../../Users/keyle/Documents/LD31/LD31/Saved/Config/CleanSourceConfigs/Engine.ini" 80
"../../../Engine/Config/BaseGame.ini" 81
"../../../../../../Users/keyle/Documents/LD31/LD31/Config/DefaultGame.ini" 82
"C:/Users/keyle/Documents/LD31/LD31/Saved/Config/Windows/Game.ini" 83
"../../../../../../Users/keyle/Documents/LD31/LD31/Saved/Config/CleanSourceConfigs/Game.ini" 84
"../../../Engine/Config/BaseInput.ini" 85
"../../../../../../Users/keyle/Documents/LD31/LD31/Config/DefaultInput.ini" 86
"C:/Users/keyle/Documents/LD31/LD31/Saved/Config/Windows/Input.ini" 87
"../../../../../../Users/keyle/Documents/LD31/LD31/Saved/Config/CleanSourceConfigs/Input.ini" 88
"../../../Engine/Config/BaseEditor.ini" 89
"../../../../../../Users/keyle/Documents/LD31/LD31/Config/DefaultEditor.ini" 90
"C:/Users/keyle/Documents/LD31/LD31/Saved/Config/Windows/Editor.ini" 91
"../../../../../../Users/keyle/Documents/LD31/LD31/Saved/Config/CleanSourceConfigs/Editor.ini" 92
"../../../Engine/Config/BaseEditorLayout.ini" 93
"C:/Users/keyle/Documents/LD31/LD31/Saved/Config/Windows/EditorLayout.ini" 94
"../../../../../../Users/keyle/Documents/LD31/LD31/Saved/Config/CleanSourceConfigs/EditorLayout.ini" 95
"../../../Engine/Config/BaseEditorUserSettings.ini" 96
"C:/Users/keyle/Documents/LD31/LD31/Saved/Config/Windows/EditorUserSettings.ini" 97
"../../../../../../Users/keyle/Documents/LD31/LD31/Saved/Config/CleanSourceConfigs/EditorUserSettings.ini" 98
"../../../Engine/Config/BaseEditorKeyBindings.ini" 99
"C:/Users/keyle/Documents/LD31/LD31/Saved/Config/Windows/EditorKeyBindings.ini" 100
"../../../../../../Users/keyle/Documents/LD31/LD31/Saved/Config/CleanSourceConfigs/EditorKeyBindings.ini" 101
"../../../Engine/Config/BaseCompat.ini" 102
"C:/Users/keyle/Documents/LD31/LD31/Saved/Config/Windows/Compat.ini" 103
"../../../../../../Users/keyle/Documents/LD31/LD31/Saved/Config/CleanSourceConfigs/Compat.ini" 104
"../../../Engine/Config/BaseLightmass.ini" 105
"C:/Users/keyle/Documents/LD31/LD31/Saved/Config/Windows/Lightmass.ini" 106
"../../../../../../Users/keyle/Documents/LD31/LD31/Saved/Config/CleanSourceConfigs/Lightmass.ini" 107
"../../../Engine/Config/BaseScalability.ini" 108
"C:/Users/keyle/Documents/LD31/LD31/Saved/Config/Windows/Scalability.ini" 109
"../../../../../../Users/keyle/Documents/LD31/LD31/Saved/Config/CleanSourceConfigs/Scalability.ini" 110
"C:/Users/keyle/Documents/LD31/LD31/Saved/Config/Windows/GameUserSettings.ini" 111
"../../../../../../Users/keyle/Documents/LD31/LD31/Saved/Config/CleanSourceConfigs/GameUserSettings.ini" 112
"../../../Engine/Config/BaseDeviceProfiles.ini" 113
"C:/Users/keyle/Documents/LD31/LD31/Saved/Config/Windows/DeviceProfiles.ini" 114
"../../../../../../Users/keyle/Documents/LD31/LD31/Saved/Config/CleanSourceConfigs/DeviceProfiles.ini" 115
"../../../Engine/Config/ConsoleVariables.ini" 116
"..\..\..\Engine\Content\Internationalization\icudt53l\es.res" 117
"..\..\..\Engine\Content\Internationalization\icudt53l\coll\es.res" 118
"..\..\..\Engine\Content\Internationalization\icudt53l\curr\es.res" 119
"..\..\..\Engine\Content\Internationalization\icudt53l\es_ES.res" 120
"..\..\..\Engine\Content\Internationalization\icudt53l\ja.res" 121
"..\..\..\Engine\Content\Internationalization\icudt53l\coll\ja.res" 122
"..\..\..\Engine\Content\Internationalization\icudt53l\curr\ja.res" 123
"..\..\..\Engine\Content\Internationalization\icudt53l\ja_JP.res" 124
"..\..\..\Engine\Content\Internationalization\icudt53l\ko.res" 125
"..\..\..\Engine\Content\Internationalization\icudt53l\coll\ko.res" 126
"..\..\..\Engine\Content\Internationalization\icudt53l\curr\ko.res" 127
"..\..\..\Engine\Content\Internationalization\icudt53l\ko_KR.res" 128
"..\..\..\Engine\Content\Internationalization\icudt53l\pt_BR.res" 129
"..\..\..\Engine\Content\Internationalization\icudt53l\pt.res" 130
"..\..\..\Engine\Content\Internationalization\icudt53l\coll\pt.res" 131
"..\..\..\Engine\Content\Internationalization\icudt53l\curr\pt.res" 132
"..\..\..\Engine\Content\Internationalization\icudt53l\zh_CN.res" 133
"..\..\..\Engine\Content\Internationalization\icudt53l\zh_Hans_CN.res" 134
"..\..\..\Engine\Content\Internationalization\icudt53l\zh_Hans.res" 135
"..\..\..\Engine\Content\Internationalization\icudt53l\zh.res" 136
"..\..\..\Engine\Content\Internationalization\icudt53l\coll\zh_CN.res" 137
"..\..\..\Engine\Content\Internationalization\icudt53l\coll\zh_Hans_CN.res" 138
"..\..\..\Engine\Content\Internationalization\icudt53l\coll\zh_Hans.res" 139
"..\..\..\Engine\Content\Internationalization\icudt53l\coll\zh.res" 140
"..\..\..\Engine\Content\Internationalization\icudt53l\curr\zh_CN.res" 141
"..\..\..\Engine\Content\Internationalization\icudt53l\curr\zh_Hans_CN.res" 142
"..\..\..\Engine\Content\Internationalization\icudt53l\curr\zh_Hans.res" 143
"..\..\..\Engine\Content\Internationalization\icudt53l\curr\zh.res" 144
"C:/Program Files/Epic Games/4.6/Engine/Content/Localization/Editor/en/Editor.locres" 145
"C:/Program Files/Epic Games/4.6/Engine/Content/Localization/EditorTutorials/en/EditorTutorials.locres" 146
"C:/Program Files/Epic Games/4.6/Engine/Content/Localization/Engine/en/Engine.locres" 147
"../../../Engine/Content/Slate/Fonts/Roboto-Regular.ttf" 148
"../../../Engine/Content/Slate/Fonts/Roboto-Bold.ttf" 149
"../../../Engine/Content/Slate/Fonts/Roboto-Light.ttf" 150
"../../../Engine/Content/Slate/Fonts/DroidSansMono.ttf" 151
"C:/Program Files/Epic Games/4.6/Engine/Binaries/Win64/../../../Engine/Shaders/ParticleSpriteVertexFactory.usf" 152
"C:/Program Files/Epic Games/4.6/Engine/Binaries/Win64/../../../Engine/Shaders/VertexFactoryCommon.usf" 153
"C:/Program Files/Epic Games/4.6/Engine/Binaries/Win64/../../../Engine/Shaders/Common.usf" 154
"C:/Program Files/Epic Games/4.6/Engine/Binaries/Win64/../../../Engine/Shaders/ShaderVersion.usf" 155
"C:/Program Files/Epic Games/4.6/Engine/Binaries/Win64/../../../Engine/Shaders/Definitions.usf" 156
"C:/Program Files/Epic Games/4.6/Engine/Binaries/Win64/../../../Engine/Shaders/Random.usf" 157
"C:/Program Files/Epic Games/4.6/Engine/Binaries/Win64/../../../Engine/Shaders/ParticleVertexFactoryCommon.usf" 158
"C:/Program Files/Epic Games/4.6/Engine/Binaries/Win64/../../../Engine/Shaders/ParticleGPUSpriteVertexFactory.usf" 159
"C:/Program Files/Epic Games/4.6/Engine/Binaries/Win64/../../../Engine/Shaders/ParticleBeamTrailVertexFactory.usf" 160
"C:/Program Files/Epic Games/4.6/Engine/Binaries/Win64/../../../Engine/Shaders/VectorFieldVisualizationVertexFactory.usf" 161
"C:/Program Files/Epic Games/4.6/Engine/Binaries/Win64/../../../Engine/Shaders/LocalVertexFactory.usf" 162
"C:/Program Files/Epic Games/4.6/Engine/Binaries/Win64/../../../Engine/Shaders/LocalVertexFactoryCommon.usf" 163
"C:/Program Files/Epic Games/4.6/Engine/Binaries/Win64/../../../Engine/Shaders/MeshParticleVertexFactory.usf" 164
"C:/Program Files/Epic Games/4.6/Engine/Binaries/Win64/../../../Engine/Shaders/GpuSkinVertexFactory.usf" 165
"C:/Program Files/Epic Games/4.6/Engine/Binaries/Win64/../../../Engine/Shaders/GpuSkinCacheCommon.usf" 166
"C:/Program Files/Epic Games/4.6/Engine/Binaries/Win64/../../../Engine/Shaders/LandscapeVertexFactory.usf" 167
"C:/Program Files/Epic Games/4.6/Engine/Binaries/Win64/../../../Engine/Shaders/SlateElementPixelShader.usf" 168
"C:/Program Files/Epic Games/4.6/Engine/Binaries/Win64/../../../Engine/Shaders/MaterialTemplate.usf" 169
"C:/Program Files/Epic Games/4.6/Engine/Binaries/Win64/../../../Engine/Shaders/DepthOfFieldCommon.usf" 170
"C:/Program Files/Epic Games/4.6/Engine/Binaries/Win64/../../../Engine/Shaders/SpeedTreeCommon.usf" 171
"C:/Program Files/Epic Games/4.6/Engine/Binaries/Win64/../../../Engine/Shaders/AtmosphereCommon.usf" 172
"C:/Program Files/Epic Games/4.6/Engine/Binaries/Win64/../../../Engine/Shaders/PostProcessCommon.usf" 173
"C:/Program Files/Epic Games/4.6/Engine/Binaries/Win64/../../../Engine/Shaders/DeferredShadingCommon.usf" 174
"C:/Program Files/Epic Games/4.6/Engine/Binaries/Win64/../../../Engine/Shaders/LightAccumulator.usf" 175
"C:/Program Files/Epic Games/4.6/Engine/Binaries/Win64/../../../Engine/Shaders/SlateVertexShader.usf" 176
"C:/Program Files/Epic Games/4.6/Engine/Binaries/Win64/../../../Engine/Shaders/OneColorShader.usf" 177
"C:/Program Files/Epic Games/4.6/Engine/Binaries/Win64/../../../Engine/Shaders/ResolveVertexShader.usf" 178
"C:/Program Files/Epic Games/4.6/Engine/Binaries/Win64/../../../Engine/Shaders/ResolvePixelShader.usf" 179
"C:/Program Files/Epic Games/4.6/Engine/Binaries/Win64/../../../Engine/Shaders/VisualizeTexture.usf" 180
"C:/Program Files/Epic Games/4.6/Engine/Binaries/Win64/../../../Engine/Shaders/ScreenSpaceReflections.usf" 181
"C:/Program Files/Epic Games/4.6/Engine/Binaries/Win64/../../../Engine/Shaders/BRDF.usf" 182
"C:/Program Files/Epic Games/4.6/Engine/Binaries/Win64/../../../Engine/Shaders/MonteCarlo.usf" 183
"C:/Program Files/Epic Games/4.6/Engine/Binaries/Win64/../../../Engine/Shaders/FilterVertexShader.usf" 184
"C:/Program Files/Epic Games/4.6/Engine/Binaries/Win64/../../../Engine/Shaders/FilterPixelShader.usf" 185
"C:/Program Files/Epic Games/4.6/Engine/Binaries/Win64/../../../Engine/Shaders/PostProcessVisualizeHDR.usf" 186
"C:/Program Files/Epic Games/4.6/Engine/Binaries/Win64/../../../Engine/Shaders/PostProcessHistogramCommon.usf" 187
"C:/Program Files/Epic Games/4.6/Engine/Binaries/Win64/../../../Engine/Shaders/TonemapCommon.usf" 188
"C:/Program Files/Epic Games/4.6/Engine/Binaries/Win64/../../../Engine/Shaders/MiniFontCommon.usf" 189
"C:/Program Files/Epic Games/4.6/Engine/Binaries/Win64/../../../Engine/Shaders/PostProcessVisualizeBuffer.usf" 190
"C:/Program Files/Epic Games/4.6/Engine/Binaries/Win64/../../../Engine/Shaders/PostProcessUpscale.usf" 191
"C:/Program Files/Epic Games/4.6/Engine/Binaries/Win64/../../../Engine/Shaders/PostProcessTonemap.usf" 192
"C:/Program Files/Epic Games/4.6/Engine/Binaries/Win64/../../../Engine/Shaders/PostProcessTestImage.usf" 193
"C:/Program Files/Epic Games/4.6/Engine/Binaries/Win64/../../../Engine/Shaders/PostProcessTemporalAA.usf" 194
"C:/Program Files/Epic Games/4.6/Engine/Binaries/Win64/../../../Engine/Shaders/PostProcessTemporalCommon.usf" 195
"C:/Program Files/Epic Games/4.6/Engine/Binaries/Win64/../../../Engine/Shaders/PostProcessSubsurface.usf" 196
"C:/Program Files/Epic Games/4.6/Engine/Binaries/Win64/../../../Engine/Shaders/SeparableSSS.usf" 197
"C:/Program Files/Epic Games/4.6/Engine/Binaries/Win64/../../../Engine/Shaders/PostProcessSelectionOutline.usf" 198
"C:/Program Files/Epic Games/4.6/Engine/Binaries/Win64/../../../Engine/Shaders/PostProcessSceneColorFringe.usf" 199
"C:/Program Files/Epic Games/4.6/Engine/Binaries/Win64/../../../Engine/Shaders/PostProcessNoiseBlur.usf" 200
"C:/Program Files/Epic Games/4.6/Engine/Binaries/Win64/../../../Engine/Shaders/PostProcessMotionBlur.usf" 201
"C:/Program Files/Epic Games/4.6/Engine/Binaries/Win64/../../../Engine/Shaders/MorpheusInclude.usf" 202
"C:/Program Files/Epic Games/4.6/Engine/Binaries/Win64/../../../Engine/Shaders/PostProcessMobile.usf" 203
"C:/Program Files/Epic Games/4.6/Engine/Binaries/Win64/../../../Engine/Shaders/PostProcessMaterialShaders.usf" 204
"C:/Program Files/Epic Games/4.6/Engine/Binaries/Win64/../../../Engine/Shaders/PostProcessLensFlares.usf" 205
"C:/Program Files/Epic Games/4.6/Engine/Binaries/Win64/../../../Engine/Shaders/PostProcessLensBlur.usf" 206
"C:/Program Files/Epic Games/4.6/Engine/Binaries/Win64/../../../Engine/Shaders/PostProcessBloom.usf" 207
"C:/Program Files/Epic Games/4.6/Engine/Binaries/Win64/../../../Engine/Shaders/PostProcessHMD.usf" 208
"C:/Program Files/Epic Games/4.6/Engine/Binaries/Win64/../../../Engine/Shaders/PostProcessHistogramReduce.usf" 209
"C:/Program Files/Epic Games/4.6/Engine/Binaries/Win64/../../../Engine/Shaders/PostProcessHistogram.usf" 210
"C:/Program Files/Epic Games/4.6/Engine/Binaries/Win64/../../../Engine/Shaders/PostProcessGBufferHints.usf" 211
"C:/Program Files/Epic Games/4.6/Engine/Binaries/Win64/../../../Engine/Shaders/PostProcessEyeAdaptation.usf" 212
"C:/Program Files/Epic Games/4.6/Engine/Binaries/Win64/../../../Engine/Shaders/PostProcessDownsample.usf" 213
"C:/Program Files/Epic Games/4.6/Engine/Binaries/Win64/../../../Engine/Shaders/PostProcessDOF.usf" 214
"C:/Program Files/Epic Games/4.6/Engine/Binaries/Win64/../../../Engine/Shaders/PostProcessCompositeEditorPrimitives.usf" 215
"C:/Program Files/Epic Games/4.6/Engine/Binaries/Win64/../../../Engine/Shaders/PostProcessCombineLUTs.usf" 216
"C:/Program Files/Epic Games/4.6/Engine/Binaries/Win64/../../../Engine/Shaders/PostProcessBusyWait.usf" 217
"C:/Program Files/Epic Games/4.6/Engine/Binaries/Win64/../../../Engine/Shaders/PostProcessBokehDOF.usf" 218
"C:/Program Files/Epic Games/4.6/Engine/Binaries/Win64/../../../Engine/Shaders/FXAAShader.usf" 219
"C:/Program Files/Epic Games/4.6/Engine/Binaries/Win64/../../../Engine/Shaders/Fxaa3_11.usf" 220
"C:/Program Files/Epic Games/4.6/Engine/Binaries/Win64/../../../Engine/Shaders/PostProcessPassThrough.usf" 221
"C:/Program Files/Epic Games/4.6/Engine/Binaries/Win64/../../../Engine/Shaders/PostProcessLpvIndirect.usf" 222
"C:/Program Files/Epic Games/4.6/Engine/Binaries/Win64/../../../Engine/Shaders/DeferredLightingCommon.usf" 223
"C:/Program Files/Epic Games/4.6/Engine/Binaries/Win64/../../../Engine/Shaders/DynamicLightingCommon.usf" 224
"C:/Program Files/Epic Games/4.6/Engine/Binaries/Win64/../../../Engine/Shaders/IESLightProfilesCommon.usf" 225
"C:/Program Files/Epic Games/4.6/Engine/Binaries/Win64/../../../Engine/Shaders/LPVFinalPass.usf" 226
"C:/Program Files/Epic Games/4.6/Engine/Binaries/Win64/../../../Engine/Shaders/LPVCommon.usf" 227
"C:/Program Files/Epic Games/4.6/Engine/Binaries/Win64/../../../Engine/Shaders/DeferredDecal.usf" 228
"C:/Program Files/Epic Games/4.6/Engine/Binaries/Win64/../../../Engine/Shaders/PostProcessAmbientOcclusion.usf" 229
"C:/Program Files/Epic Games/4.6/Engine/Binaries/Win64/../../../Engine/Shaders/PostProcessAmbient.usf" 230
"C:/Program Files/Epic Games/4.6/Engine/Binaries/Win64/../../../Engine/Shaders/CubemapCommon.usf" 231
"C:/Program Files/Epic Games/4.6/Engine/Binaries/Win64/../../../Engine/Shaders/VelocityShader.usf" 232
"C:/Program Files/Epic Games/4.6/Engine/Binaries/Win64/../../../Engine/Shaders/Tessellation.usf" 233
"C:/Program Files/Epic Games/4.6/Engine/Binaries/Win64/../../../Engine/Shaders/FlatTessellation.usf" 234
"C:/Program Files/Epic Games/4.6/Engine/Binaries/Win64/../../../Engine/Shaders/PNTriangles.usf" 235
"C:/Program Files/Epic Games/4.6/Engine/Binaries/Win64/../../../Engine/Shaders/TranslucentLightingShaders.usf" 236
"C:/Program Files/Epic Games/4.6/Engine/Binaries/Win64/../../../Engine/Shaders/SHCommon.usf" 237
"C:/Program Files/Epic Games/4.6/Engine/Binaries/Win64/../../../Engine/Shaders/ShadowProjectionCommon.usf" 238
"C:/Program Files/Epic Games/4.6/Engine/Binaries/Win64/../../../Engine/Shaders/TranslucentLightInjectionShaders.usf" 239
"C:/Program Files/Epic Games/4.6/Engine/Binaries/Win64/../../../Engine/Shaders/LightFunctionCommon.usf" 240
"C:/Program Files/Epic Games/4.6/Engine/Binaries/Win64/../../../Engine/Shaders/TranslucentShadowDepthShaders.usf" 241
"C:/Program Files/Epic Games/4.6/Engine/Binaries/Win64/../../../Engine/Shaders/ShadowDepthCommon.usf" 242
"C:/Program Files/Epic Games/4.6/Engine/Binaries/Win64/../../../Engine/Shaders/TiledDeferredLightShaders.usf" 243
"C:/Program Files/Epic Games/4.6/Engine/Binaries/Win64/../../../Engine/Shaders/ShadowProjectionPixelShader.usf" 244
"C:/Program Files/Epic Games/4.6/Engine/Binaries/Win64/../../../Engine/Shaders/ShadowFilteringCommon.usf" 245
"C:/Program Files/Epic Games/4.6/Engine/Binaries/Win64/../../../Engine/Shaders/ShadowProjectionVertexShader.usf" 246
"C:/Program Files/Epic Games/4.6/Engine/Binaries/Win64/../../../Engine/Shaders/ShadowDepthPixelShader.usf" 247
"C:/Program Files/Epic Games/4.6/Engine/Binaries/Win64/../../../Engine/Shaders/LPVWriteVplCommon.usf" 248
"C:/Program Files/Epic Games/4.6/Engine/Binaries/Win64/../../../Engine/Shaders/LPVWriteCommon.usf" 249
"C:/Program Files/Epic Games/4.6/Engine/Binaries/Win64/../../../Engine/Shaders/ShadowDepthVertexShader.usf" 250
"C:/Program Files/Epic Games/4.6/Engine/Binaries/Win64/../../../Engine/Shaders/ShaderComplexityApplyPixelShader.usf" 251
"C:/Program Files/Epic Games/4.6/Engine/Binaries/Win64/../../../Engine/Shaders/ShaderComplexityApplyVertexShader.usf" 252
"C:/Program Files/Epic Games/4.6/Engine/Binaries/Win64/../../../Engine/Shaders/ShaderComplexityAccumulatePixelShader.usf" 253
"C:/Program Files/Epic Games/4.6/Engine/Binaries/Win64/../../../Engine/Shaders/HZBOcclusion.usf" 254
"C:/Program Files/Epic Games/4.6/Engine/Binaries/Win64/../../../Engine/Shaders/OcclusionQueryVertexShader.usf" 255
"C:/Program Files/Epic Games/4.6/Engine/Binaries/Win64/../../../Engine/Shaders/HitProxyPixelShader.usf" 256
"C:/Program Files/Epic Games/4.6/Engine/Binaries/Win64/../../../Engine/Shaders/HitProxyVertexShader.usf" 257
"C:/Program Files/Epic Games/4.6/Engine/Binaries/Win64/../../../Engine/Shaders/ReflectionEnvironmentShaders.usf" 258
"C:/Program Files/Epic Games/4.6/Engine/Binaries/Win64/../../../Engine/Shaders/ReflectionEnvironmentShared.usf" 259
"C:/Program Files/Epic Games/4.6/Engine/Binaries/Win64/../../../Engine/Shaders/SkyLightingShared.usf" 260
"C:/Program Files/Epic Games/4.6/Engine/Binaries/Win64/../../../Engine/Shaders/ReflectionEnvironmentComputeShaders.usf" 261
"C:/Program Files/Epic Games/4.6/Engine/Binaries/Win64/../../../Engine/Shaders/LightShaftShader.usf" 262
"C:/Program Files/Epic Games/4.6/Engine/Binaries/Win64/../../../Engine/Shaders/StationaryLightOverlapShaders.usf" 263
"C:/Program Files/Epic Games/4.6/Engine/Binaries/Win64/../../../Engine/Shaders/DeferredLightPixelShaders.usf" 264
"C:/Program Files/Epic Games/4.6/Engine/Binaries/Win64/../../../Engine/Shaders/DeferredLightVertexShaders.usf" 265
"C:/Program Files/Epic Games/4.6/Engine/Binaries/Win64/../../../Engine/Shaders/LPVVisualise.usf" 266
"C:/Program Files/Epic Games/4.6/Engine/Binaries/Win64/../../../Engine/Shaders/LPVGeometryVolumeCommon.usf" 267
"C:/Program Files/Epic Games/4.6/Engine/Binaries/Win64/../../../Engine/Shaders/LPVDirectLightInject.usf" 268
"C:/Program Files/Epic Games/4.6/Engine/Binaries/Win64/../../../Engine/Shaders/LPVPropagate.usf" 269
"C:/Program Files/Epic Games/4.6/Engine/Binaries/Win64/../../../Engine/Shaders/LPVBuildGeometryVolume.usf" 270
"C:/Program Files/Epic Games/4.6/Engine/Binaries/Win64/../../../Engine/Shaders/LPVInject_AccumulateVplLists.usf" 271
"C:/Program Files/Epic Games/4.6/Engine/Binaries/Win64/../../../Engine/Shaders/LPVInject_GenerateVplLists.usf" 272
"C:/Program Files/Epic Games/4.6/Engine/Binaries/Win64/../../../Engine/Shaders/LPVClearLists.usf" 273
"C:/Program Files/Epic Games/4.6/Engine/Binaries/Win64/../../../Engine/Shaders/LPVClear.usf" 274
"C:/Program Files/Epic Games/4.6/Engine/Binaries/Win64/../../../Engine/Shaders/LightMapDensityShader.usf" 275
"C:/Program Files/Epic Games/4.6/Engine/Binaries/Win64/../../../Engine/Shaders/LightFunctionPixelShader.usf" 276
"C:/Program Files/Epic Games/4.6/Engine/Binaries/Win64/../../../Engine/Shaders/LightFunctionVertexShader.usf" 277
"C:/Program Files/Epic Games/4.6/Engine/Binaries/Win64/../../../Engine/Shaders/HdrCustomResolveShaders.usf" 278
"C:/Program Files/Epic Games/4.6/Engine/Binaries/Win64/../../../Engine/Shaders/GPUBenchmark.usf" 279
"C:/Program Files/Epic Games/4.6/Engine/Binaries/Win64/../../../Engine/Shaders/GammaCorrection.usf" 280
"C:/Program Files/Epic Games/4.6/Engine/Binaries/Win64/../../../Engine/Shaders/BasePassForForwardShadingPixelShader.usf" 281
"C:/Program Files/Epic Games/4.6/Engine/Binaries/Win64/../../../Engine/Shaders/BasePassForForwardShadingCommon.usf" 282
"C:/Program Files/Epic Games/4.6/Engine/Binaries/Win64/../../../Engine/Shaders/LightmapCommon.usf" 283
"C:/Program Files/Epic Games/4.6/Engine/Binaries/Win64/../../../Engine/Shaders/BasePassForForwardShadingVertexShader.usf" 284
"C:/Program Files/Epic Games/4.6/Engine/Binaries/Win64/../../../Engine/Shaders/HeightFogCommon.usf" 285
"C:/Program Files/Epic Games/4.6/Engine/Binaries/Win64/../../../Engine/Shaders/HeightFogPixelShader.usf" 286
"C:/Program Files/Epic Games/4.6/Engine/Binaries/Win64/../../../Engine/Shaders/HeightFogVertexShader.usf" 287
"C:/Program Files/Epic Games/4.6/Engine/Binaries/Win64/../../../Engine/Shaders/DistortAccumulatePS.usf" 288
"C:/Program Files/Epic Games/4.6/Engine/Binaries/Win64/../../../Engine/Shaders/DistortAccumulateVS.usf" 289
"C:/Program Files/Epic Games/4.6/Engine/Binaries/Win64/../../../Engine/Shaders/DistortApplyScreenPS.usf" 290
"C:/Program Files/Epic Games/4.6/Engine/Binaries/Win64/../../../Engine/Shaders/SkyLighting.usf" 291
"C:/Program Files/Epic Games/4.6/Engine/Binaries/Win64/../../../Engine/Shaders/DistanceFieldSurfaceCacheLighting.usf" 292
"C:/Program Files/Epic Games/4.6/Engine/Binaries/Win64/../../../Engine/Shaders/DistanceFieldLightingShared.usf" 293
"C:/Program Files/Epic Games/4.6/Engine/Binaries/Win64/../../../Engine/Shaders/DistanceFieldAOShared.usf" 294
"C:/Program Files/Epic Games/4.6/Engine/Binaries/Win64/../../../Engine/Shaders/DistanceFieldSurfaceCacheLightingCompute.usf" 295
"C:/Program Files/Epic Games/4.6/Engine/Binaries/Win64/../../../Engine/Shaders/DistanceFieldShadowing.usf" 296
"C:/Program Files/Epic Games/4.6/Engine/Binaries/Win64/../../../Engine/Shaders/DepthOnlyPixelShader.usf" 297
"C:/Program Files/Epic Games/4.6/Engine/Binaries/Win64/../../../Engine/Shaders/DepthOnlyVertexShader.usf" 298
"C:/Program Files/Epic Games/4.6/Engine/Binaries/Win64/../../../Engine/Shaders/PositionOnlyDepthVertexShader.usf" 299
"C:/Program Files/Epic Games/4.6/Engine/Binaries/Win64/../../../Engine/Shaders/DownsampleDepthPixelShader.usf" 300
"C:/Program Files/Epic Games/4.6/Engine/Binaries/Win64/../../../Engine/Shaders/BasePassPixelShader.usf" 301
"C:/Program Files/Epic Games/4.6/Engine/Binaries/Win64/../../../Engine/Shaders/BasePassCommon.usf" 302
"C:/Program Files/Epic Games/4.6/Engine/Binaries/Win64/../../../Engine/Shaders/BasePassVertexShader.usf" 303
"C:/Program Files/Epic Games/4.6/Engine/Binaries/Win64/../../../Engine/Shaders/BasePassVertexCommon.usf" 304
"C:/Program Files/Epic Games/4.6/Engine/Binaries/Win64/../../../Engine/Shaders/BasePassTessellationShaders.usf" 305
"C:/Program Files/Epic Games/4.6/Engine/Binaries/Win64/../../../Engine/Shaders/AtmospherePrecompute.usf" 306
"C:/Program Files/Epic Games/4.6/Engine/Binaries/Win64/../../../Engine/Shaders/AtmospherePrecomputeCommon.usf" 307
"C:/Program Files/Epic Games/4.6/Engine/Binaries/Win64/../../../Engine/Shaders/AtmospherePrecomputeInscatter.usf" 308
"C:/Program Files/Epic Games/4.6/Engine/Binaries/Win64/../../../Engine/Shaders/AtmosphericFogShader.usf" 309
"C:/Program Files/Epic Games/4.6/Engine/Binaries/Win64/../../../Engine/Shaders/ParticleSortKeyGen.usf" 310
"C:/Program Files/Epic Games/4.6/Engine/Binaries/Win64/../../../Engine/Shaders/ParticleBoundsShader.usf" 311
"C:/Program Files/Epic Games/4.6/Engine/Binaries/Win64/../../../Engine/Shaders/ParticleSimVisualizeShader.usf" 312
"C:/Program Files/Epic Games/4.6/Engine/Binaries/Win64/../../../Engine/Shaders/ParticleInjectionShader.usf" 313
"C:/Program Files/Epic Games/4.6/Engine/Binaries/Win64/../../../Engine/Shaders/ParticleSimulationShader.usf" 314
"C:/Program Files/Epic Games/4.6/Engine/Binaries/Win64/../../../Engine/Shaders/ParticleCurveInjectionShader.usf" 315
"C:/Program Files/Epic Games/4.6/Engine/Binaries/Win64/../../../Engine/Shaders/VectorFieldCompositeShaders.usf" 316
"C:/Program Files/Epic Games/4.6/Engine/Binaries/Win64/../../../Engine/Shaders/UpdateTextureShaders.usf" 317
"C:/Program Files/Epic Games/4.6/Engine/Binaries/Win64/../../../Engine/Shaders/SimpleElementColorChannelMaskPixelShader.usf" 318
"C:/Program Files/Epic Games/4.6/Engine/Binaries/Win64/../../../Engine/Shaders/SimpleElementHitProxyPixelShader.usf" 319
"C:/Program Files/Epic Games/4.6/Engine/Binaries/Win64/../../../Engine/Shaders/SimpleElementPixelShader.usf" 320
"C:/Program Files/Epic Games/4.6/Engine/Binaries/Win64/../../../Engine/Shaders/ColorUtils.usf" 321
"C:/Program Files/Epic Games/4.6/Engine/Binaries/Win64/../../../Engine/Shaders/SimpleElementVertexShader.usf" 322
"C:/Program Files/Epic Games/4.6/Engine/Binaries/Win64/../../../Engine/Shaders/ScreenVertexShader.usf" 323
"C:/Program Files/Epic Games/4.6/Engine/Binaries/Win64/../../../Engine/Shaders/ScreenPixelShader.usf" 324
"C:/Program Files/Epic Games/4.6/Engine/Binaries/Win64/../../../Engine/Shaders/RadixSortShaders.usf" 325
"C:/Program Files/Epic Games/4.6/Engine/Binaries/Win64/../../../Engine/Shaders/GpuSkinCacheComputeShader.usf" 326
"C:/Program Files/Epic Games/4.6/Engine/Binaries/Win64/../../../Engine/Shaders/NullPixelShader.usf" 327
"C:/Program Files/Epic Games/4.6/Engine/Binaries/Win64/../../../Engine/Shaders/ClearReplacementShaders.usf" 328
"C:/Program Files/Epic Games/4.6/Engine/Binaries/Win64/../../../Engine/Shaders/SimpleElementTexture2DPreviewPixelShader.usf" 329
"C:/Program Files/Epic Games/4.6/Engine/Binaries/Win64/../../../Engine/Shaders/SimpleElementNormalMapPixelShader.usf" 330
"C:/Program Files/Epic Games/4.6/Engine/Binaries/Win64/../../../Engine/Shaders/meshpaintdilatepixelshader.usf" 331
"C:/Program Files/Epic Games/4.6/Engine/Binaries/Win64/../../../Engine/Shaders/meshpaintdilatevertexshader.usf" 332
"C:/Program Files/Epic Games/4.6/Engine/Binaries/Win64/../../../Engine/Shaders/MeshPaintPixelShader.usf" 333
"C:/Program Files/Epic Games/4.6/Engine/Binaries/Win64/../../../Engine/Shaders/MeshPaintVertexShader.usf" 334
"../../../Engine/Config/Android/AndroidEngine.ini" 335
"../../../Engine/Config/IOS/IOSEngine.ini" 336
"../../../Engine/Config/Linux/LinuxEngine.ini" 337
"C:/Users/keyle/AppData/Local/UnrealEngine/4.6/DerivedDataCache/Boot.ddc" 338
"../../../Engine/DerivedDataCache/DDC.ddp" 339
"../../../Engine/Content/EditorResources/S_Actor.uasset" 340
"../../../Engine/Content/EditorLandscapeResources/DataLayer.uasset" 341
"../../../Engine/Content/Maps/Templates/Thumbnails/Default.uasset" 342
"../../../Engine/Content/EditorMaterials/ParticleSystems/PSysThumbnail_NoImage.uasset" 343
"../../../Engine/Content/EditorMaterials/ParticleSystems/PSysThumbnail_OOD.uasset" 344
"../../../Engine/Content/EngineDamageTypes/DmgTypeBP_Environmental.uasset" 345
"../../../Engine/Content/EngineMeshes/Sphere.uasset" 346
"../../../Engine/Content/EngineFonts/RobotoDistanceField.uasset" 347
"../../../Engine/Content/EngineMaterials/DefaultTextMaterialOpaque.uasset" 348
"../../../Engine/Content/Functions/Engine_MaterialFunctions01/Shading/PowerToRoughness.uasset" 349
"../../../Engine/Content/Functions/Engine_MaterialFunctions01/Shading/ConvertFromDiffSpec.uasset" 350
"../../../Engine/Content/EngineMaterials/WorldGridMaterial.uasset" 351
"../../../Engine/Content/Functions/Engine_MaterialFunctions01/Opacity/CameraDepthFade.uasset" 352
"../../../Engine/Content/EngineMaterials/T_Default_Material_Grid_M.uasset" 353
"../../../Engine/Content/EngineMaterials/T_Default_Material_Grid_N.uasset" 354
"../../../Engine/Content/EngineMaterials/DefaultDeferredDecalMaterial.uasset" 355
"../../../Engine/Content/EngineMaterials/DefaultDiffuse.uasset" 356
"../../../Engine/Content/EngineMaterials/DefaultLightFunctionMaterial.uasset" 357
"../../../Engine/Content/EngineMaterials/DefaultPostProcessMaterial.uasset" 358
"../../../Engine/Content/Functions/Engine_MaterialFunctions02/Utility/BreakOutFloat2Components.uasset" 359
"../../../Engine/Content/EditorResources/S_Trigger.uasset" 360
"../../../Engine/Content/EngineResources/WhiteSquareTexture.uasset" 361
"../../../Engine/Content/EngineResources/GradientTexture0.uasset" 362
"../../../Engine/Content/EngineResources/Black.uasset" 363
"../../../Engine/Content/EditorMaterials/MatineeGroups/MAT_Groups_Float.uasset" 364
"../../../Engine/Content/EditorMaterials/MatineeGroups/MAT_Groups_Director.uasset" 365
"../../../Engine/Content/EditorMaterials/MatineeGroups/MAT_Groups_Event.uasset" 366
"../../../Engine/Content/EditorMaterials/MatineeGroups/MAT_Groups_Anim.uasset" 367
"../../../Engine/Content/EditorMaterials/MatineeGroups/MAT_Groups_Fade.uasset" 368
"../../../Engine/Content/EditorMaterials/MatineeGroups/MAT_Groups_Move.uasset" 369
"../../../Engine/Content/EditorMaterials/MatineeGroups/MAT_Groups_Slomo.uasset" 370
"../../../Engine/Content/EditorMaterials/MatineeGroups/MAT_ColorTrack.uasset" 371
"../../../Engine/Content/EditorMaterials/MAT_Groups_Toggle.uasset" 372
"../../../Engine/Content/EditorMaterials/MatineeGroups/MAT_Groups_AudioMaster.uasset" 373
"../../../Engine/Content/EditorMaterials/MatineeGroups/MAT_Groups_Sound.uasset" 374
"../../../Engine/Content/EditorMaterials/MatineeGroups/MAT_Groups_Vector.uasset" 375
"../../../Engine/Content/EditorMaterials/MAT_Groups_Visibility.uasset" 376
"../../../Engine/Content/EngineResources/DefaultTexture.uasset" 377
"../../../Engine/Content/EngineResources/DefaultTextureCube.uasset" 378
"../../../Engine/Content/EngineSounds/Master.uasset" 379
"../../../Engine/Content/EngineSounds/Music.uasset" 380
"../../../Engine/Content/EngineSounds/SFX.uasset" 381
"../../../Engine/Content/EngineSounds/Normal_Attack.uasset" 382
"../../../Engine/Content/EngineSounds/Special_Attack_PSM.uasset" 383
"../../../Engine/Content/EngineSounds/Duck_Normal_Attack_MixMod.uasset" 384
"../../../Engine/Content/EngineSounds/Voice.uasset" 385
"../../../Engine/Content/EngineMeshes/Cylinder.uasset" 386
"../../../Engine/Content/EngineMaterials/DefaultMaterial.uasset" 387
"../../../Engine/Content/EngineTireTypes/DefaultTireType.uasset" 388
"../../../Engine/Content/Editor/Slate/Fonts/DroidSansMono.ttf" 389
"../../../Engine/Content/Editor/Slate/Fonts/Roboto-BoldCondensed.ttf" 390
"../../../Engine/Content/Editor/Slate/Fonts/Roboto-Black.ttf" 391
"../../../Engine/Content/Editor/Slate/Fonts/Roboto-BoldCondensedItalic.ttf" 392
"../../../Engine/Content/Editor/Slate/Fonts/Roboto-Italic.ttf" 393
"../../../Engine/Content/EngineFonts/Roboto.uasset" 394
"../../../Engine/Content/EngineMaterials/Widget3DPassThrough_Translucent.uasset" 395
"../../../Engine/Content/EngineMaterials/Widget3DPassThrough.uasset" 396
"../../../Engine/Content/EngineMaterials/Widget3DPassThrough_Translucent_OneSided.uasset" 397
"../../../Engine/Content/EngineMaterials/Widget3DPassThrough_Opaque.uasset" 398
"../../../Engine/Content/EngineMaterials/Widget3DPassThrough_Opaque_OneSided.uasset" 399
"../../../Engine/Plugins/2D/Paper2D/Content/MaskedUnlitSpriteMaterial.uasset" 400
"../../../Engine/Plugins/2D/Paper2D/Content/DefaultSpriteMaterial.uasset" 401
"../../../Engine/Plugins/2D/Paper2D/Content/DummySpriteTexture.uasset" 402
"../../../Engine/Plugins/2D/Paper2D/Content/OpaqueUnlitSpriteMaterial.uasset" 403
"../../../Engine/Plugins/2D/Paper2D/Content/DefaultPaperTerrainMaterial.uasset" 404
"../../../Engine/Plugins/2D/Paper2D/Content/DummySprite.uasset" 405
"C:/Users/keyle/AppData/Local/UnrealEngine/4.6/Saved/Config/Windows/SourceControlSettings.ini" 406
"../../../../../../Users/keyle/Documents/LD31/LD31/Saved/Config/CleanSourceConfigs/SourceControlSettings.ini" 407
"C:/Users/keyle/Documents/LD31/LD31/Saved/Config/Windows/SourceControlSettings.ini" 408
"../../../Engine/Content/EngineMaterials/RemoveSurfaceMaterial.uasset" 409
"../../../Engine/Content/EngineDebugMaterials/DebugMeshMaterial.uasset" 410
"../../../Engine/Content/EngineMaterials/M_InvalidLightmapSettings.uasset" 411
"../../../Engine/Content/EngineMaterials/InvalidLightmapSettings.uasset" 412
"../../../Engine/Content/EditorMaterials/GizmoMaterial.uasset" 413
"../../../Engine/Content/EngineMaterials/Good64x64TilingNoiseHighFreq.uasset" 414
"../../../Engine/Content/EngineMaterials/DefaultBokeh.uasset" 415
"../../../Engine/Content/EngineMaterials/PreintegratedSkinBRDF.uasset" 416
"../../../Engine/Content/EngineMaterials/MiniFont.uasset" 417
"../../../Engine/Content/EngineMaterials/WeightMapPlaceholderTexture.uasset" 418
"../../../Engine/Content/EngineMaterials/DefaultWhiteGrid.uasset" 419
"../../../Engine/Content/EngineMaterials/DefaultPhysicalMaterial.uasset" 420
"../../../Engine/Content/EngineFonts/RobotoTiny.uasset" 421
"../../../../../../Users/keyle/Documents/LD31/LD31/Intermediate/CachedAssetRegistry.bin" 422
"../../../../../../Users/keyle/Documents/LD31/LD31/Content/LVL1.umap" 423
"../../../Engine/Content/MobileResources/HUD/VirtualJoystick_Thumb.uasset" 424
"../../../Engine/Content/MobileResources/HUD/VirtualJoystick_Background.uasset" 425
"../../../Engine/Content/MobileResources/HUD/T_Castle_ThumbstickOutter.uasset" 426
"../../../Engine/Content/MobileResources/HUD/T_Castle_ThumbstickInner.uasset" 427
"../../../Engine/Content/MobileResources/HUD/MobileHUDDirectionStick.uasset" 428
"../../../Engine/Content/MobileResources/HUD/MobileHUDDirectionPad3.uasset" 429
"../../../Engine/Content/MobileResources/HUD/MobileHUDDirectionPad2.uasset" 430
"../../../Engine/Content/MobileResources/HUD/MobileHUDDirectionPad.uasset" 431
"../../../Engine/Content/MobileResources/HUD/MobileHUDButtonFire.uasset" 432
"../../../Engine/Content/MobileResources/HUD/MobileHUDButton3.uasset" 433
"../../../Engine/Content/MobileResources/HUD/MobileHUDButton2_on.uasset" 434
"../../../Engine/Content/MobileResources/HUD/MobileHUDButton2_off.uasset" 435
"../../../Engine/Content/MobileResources/HUD/MobileHUDButton1_on.uasset" 436
"../../../Engine/Content/MobileResources/HUD/MobileHUDButton1_off.uasset" 437
"../../../Engine/Content/MobileResources/HUD/LeftVirtualJoystickOnly.uasset" 438
"../../../Engine/Content/MobileResources/HUD/DefaultVirtualJoysticks.uasset" 439
"../../../Engine/Content/MobileResources/HUD/AnalogHat.uasset" 440
"../../../Engine/Content/MobileResources/T_MobileMenu2.uasset" 441
"../../../Engine/Content/MobileResources/T_MobileControls_texture.uasset" 442
"../../../../../../Users/keyle/Documents/LD31/LD31/Content/Blueprints/_GameMode.uasset" 443
"../../../../../../Users/keyle/Documents/LD31/LD31/Content/Blueprints/_GameHUD.uasset" 444
"../../../../../../Users/keyle/Documents/LD31/LD31/Content/Blueprints/_Player.uasset" 445
"../../../../../../Users/keyle/Documents/LD31/LD31/Content/Blueprints/PC.uasset" 446
"../../../../../../Users/keyle/Documents/LD31/LD31/Content/GameGui.uasset" 447
"../../../../../../Users/keyle/Documents/LD31/LD31/Content/DigiFont.uasset" 448
"../../../../../../Users/keyle/Documents/LD31/LD31/Content/EndGui.uasset" 449
"../../../../../../Users/keyle/Documents/LD31/LD31/Content/NewFolder/StartGUI.uasset" 450
"../../../../../../Users/keyle/Documents/LD31/LD31/Content/yay.uasset" 451
"../../../../../../Users/keyle/Documents/LD31/LD31/Content/Bumper2.uasset" 452
"../../../../../../Users/keyle/Documents/LD31/LD31/Content/start.uasset" 453
"../../../../../../Users/keyle/Documents/LD31/LD31/Content/startgame.uasset" 454
"../../../../../../Users/keyle/Documents/LD31/LD31/Content/ExtraBall.uasset" 455
"C:/Users/keyle/AppData/Local/UnrealEngine/Common/DerivedDataCache/4/5/5/AUDIO_0002_0000_OGG_0001_ECDEF8F645B9B9B01B275289E05D9A97.udd" 456
"C:/Users/keyle/AppData/Local/UnrealEngine/Common/DerivedDataCache/5/0/8/AUDIO_0002_0000_OGG_0001_697F828C4849E3F189A99A99A9ACF96D.udd" 457
"C:/Users/keyle/AppData/Local/UnrealEngine/Common/DerivedDataCache/7/7/0/AUDIO_0002_0000_OGG_0001_A4C61FD44DBD7BF81649D5B464EC60D5.udd" 458
"C:/Users/keyle/AppData/Local/UnrealEngine/Common/DerivedDataCache/8/7/0/AUDIO_0002_0000_OGG_0001_6FBF04A847931A3AF8C0B580FE1989D3.udd" 459
"C:/Users/keyle/AppData/Local/UnrealEngine/Common/DerivedDataCache/1/9/7/AUDIO_0002_0000_OGG_0001_AD4F70B54F1A413C933B11A44F670031.udd" 460
"../../../Engine/Content/Maps/Entry.umap" 461
"../../../Engine/Content/EngineMaterials/DefaultNormal.uasset" 462
"../../../../../../Users/keyle/Documents/LD31/LD31/Content/BallSM_Blueprint.uasset" 463
"../../../../../../Users/keyle/Documents/LD31/LD31/Content/BallSM.uasset" 464
"../../../../../../Users/keyle/Documents/LD31/LD31/Content/MAT1.uasset" 465
"../../../../../../Users/keyle/Documents/LD31/LD31/Content/BallPhysMat.uasset" 466
"../../../../../../Users/keyle/Documents/LD31/LD31/Content/Hit_Hurt37.uasset" 467
"../../../../../../Users/keyle/Documents/LD31/LD31/Content/bumpercorner_Blueprint.uasset" 468
"../../../../../../Users/keyle/Documents/LD31/LD31/Content/bumpercorner.uasset" 469
"../../../../../../Users/keyle/Documents/LD31/LD31/Content/BumperWhiteMat.uasset" 470
"../../../../../../Users/keyle/Documents/LD31/LD31/Content/BumperPhysMat.uasset" 471
"../../../../../../Users/keyle/Documents/LD31/LD31/Content/RegularWhiteMat.uasset" 472
"../../../../../../Users/keyle/Documents/LD31/LD31/Content/HeavyPhysMat.uasset" 473
"../../../../../../Users/keyle/Documents/LD31/LD31/Content/ShinyMatRed.uasset" 474
"../../../../../../Users/keyle/Documents/LD31/LD31/Content/ShinyMat.uasset" 475
"../../../../../../Users/keyle/Documents/LD31/LD31/Content/BumperStarBP.uasset" 476
"../../../../../../Users/keyle/Documents/LD31/LD31/Content/Blueprints/_PlayerController.uasset" 477
"../../../../../../Users/keyle/Documents/LD31/LD31/Content/ShinyMatYellow.uasset" 478
"../../../../../../Users/keyle/Documents/LD31/LD31/Content/bumper.uasset" 479
"../../../../../../Users/keyle/Documents/LD31/LD31/Content/bumperstar.uasset" 480
"../../../../../../Users/keyle/Documents/LD31/LD31/Content/PB2BP.uasset" 481
"../../../../../../Users/keyle/Documents/LD31/LD31/Content/pinball2.uasset" 482
"../../../../../../Users/keyle/Documents/LD31/LD31/Content/Material_005.uasset" 483
"../../../../../../Users/keyle/Documents/LD31/LD31/Content/taurus_Blueprint.uasset" 484
"../../../../../../Users/keyle/Documents/LD31/LD31/Content/taurus.uasset" 485
"../../../Engine/Content/MapTemplates/SM_Template_Map_Floor.uasset" 486
"../../../../../../Users/keyle/Documents/LD31/LD31/Content/Box_Brush2_StaticMesh.uasset" 487
"../../../../../../Users/keyle/Documents/LD31/LD31/Content/end.uasset" 488
"../../../../../../Users/keyle/Documents/LD31/LD31/Content/galileo_probe.uasset" 489
"../../../../../../Users/keyle/Documents/LD31/LD31/Content/grace_probe.uasset" 490
"C:/Users/keyle/AppData/Local/UnrealEngine/Common/DerivedDataCache/3/7/3/TEXTURE_75F87CE100B546AAB8A1C4132AF9DB17_RGBA16F_478C05894F2C924A16E48EAEDA3A9__0DD96599E8D9C5571AA62393C9F1CFEB16BB5F6E.udd" 491
"C:/Users/keyle/AppData/Local/UnrealEngine/Common/DerivedDataCache/4/0/5/TEXTURE_75F87CE100B546AAB8A1C4132AF9DB17_RGBA16F_454B8FC2461B53AEB43E1B88FC042__4C3579A46D6E840A269A3C1C48E581273B75E0CF.udd" 492
"C:/Users/keyle/AppData/Local/UnrealEngine/Common/DerivedDataCache/0/2/5/TEXTURE_75F87CE100B546AAB8A1C4132AF9DB17_BGRA8_A83AF33E451689EEEDCB3BA4D1100A5__89239D23C254C6ABBA035F9B825C610247D86949.udd" 493
"C:/Users/keyle/AppData/Local/UnrealEngine/Common/DerivedDataCache/9/1/9/TEXTURE_75F87CE100B546AAB8A1C4132AF9DB17_BGRA8_A83AF33E451689EEEDCB3BA4D1100A5__E76C1DB3FE3DB52EE0DF538B4D77506CE831D1D4.udd" 494
"C:/Users/keyle/AppData/Local/UnrealEngine/Common/DerivedDataCache/7/1/8/TEXTURE_75F87CE100B546AAB8A1C4132AF9DB17_BGRA8_A83AF33E451689EEEDCB3BA4D1100A5__C6F4440DBED88647FFCAF76E22E7AC22032F58DB.udd" 495
"C:/Users/keyle/AppData/Local/UnrealEngine/Common/DerivedDataCache/2/5/8/MATSM_E2C1E89EE9AE4F3CA7B8E0F2C49B34EB_PCD3D_SM5_2__BC5N_DEV_SL_NODBUF10479807__8D90D43C43829F1BCCDA993EBC1DC7C02D214573.udd" 496
"C:/Users/keyle/AppData/Local/UnrealEngine/Common/DerivedDataCache/0/1/6/MATSM_E2C1E89EE9AE4F3CA7B8E0F2C49B34EB_PCD3D_SM4_2__BC5N_DEV_SL_NODBUF10479807__7D4205FF513B822728A879FE88E246A0CB7EEE38.udd" 497
"C:/Users/keyle/AppData/Local/UnrealEngine/Common/DerivedDataCache/2/7/0/AUDIO_0002_0000_OGG_0001_20F61D9B40408DDB1959D4966E906D14.udd" 498
"C:/Users/keyle/AppData/Local/UnrealEngine/Common/DerivedDataCache/6/5/6/STATICMESH_46A8778361B442A9523C54440EA1E9D_0DB5412B27AB480F844CC7F0BE5ABAFF_2B__E8FFD67A2EFD5C10D2EEFC849C68536A7EDD64FC.udd" 499
"C:/Users/keyle/AppData/Local/UnrealEngine/Common/DerivedDataCache/6/4/8/PHYSX_$7B1F0627AE$2DABEB$2D4206$2D8D78$2DE16BEB5DDC7E$7D_PHYSXPC_DFC357104EE00__CD5D678AC50666F5E11946E1B1BED7C45ECB430A.udd" 500
"C:/Users/keyle/AppData/Local/UnrealEngine/Common/DerivedDataCache/2/6/6/MATSM_E2C1E89EE9AE4F3CA7B8E0F2C49B34EB_PCD3D_SM5_2__BC5N_DEV_SL_NODBUF42E9C788__96DEAAFDA994F9BC9FF5FEF7AC2D5E2C6102C945.udd" 501
"C:/Users/keyle/AppData/Local/UnrealEngine/Common/DerivedDataCache/8/8/4/MATSM_E2C1E89EE9AE4F3CA7B8E0F2C49B34EB_PCD3D_SM4_2__BC5N_DEV_SL_NODBUF42E9C788__526EC13A2142F38801908F3E870F6568127F66F7.udd" 502
"C:/Users/keyle/AppData/Local/UnrealEngine/Common/DerivedDataCache/5/8/2/MATSM_E2C1E89EE9AE4F3CA7B8E0F2C49B34EB_PCD3D_SM5_2__BC5N_DEV_SL_NODBUF0AEDD87A__98C49672427A3D953EE97F1AD0610AE973FFD62A.udd" 503
"C:/Users/keyle/AppData/Local/UnrealEngine/Common/DerivedDataCache/6/0/8/MATSM_E2C1E89EE9AE4F3CA7B8E0F2C49B34EB_PCD3D_SM4_2__BC5N_DEV_SL_NODBUF0AEDD87A__FF4B585046863A07966CE04EBCE60C1E8DFABA5A.udd" 504
"C:/Users/keyle/AppData/Local/UnrealEngine/Common/DerivedDataCache/7/3/8/MATSM_E2C1E89EE9AE4F3CA7B8E0F2C49B34EB_PCD3D_SM5_2__BC5N_DEV_SL_NODBUFEFD02706__87928ABB0D55D5BAAF8188B1A98C10B428798E02.udd" 505
"C:/Users/keyle/AppData/Local/UnrealEngine/Common/DerivedDataCache/2/7/8/MATSM_E2C1E89EE9AE4F3CA7B8E0F2C49B34EB_PCD3D_SM4_2__BC5N_DEV_SL_NODBUFEFD02706__0D99CB06EF6FE642004AE19EE5914BA997819C95.udd" 506
"C:/Users/keyle/AppData/Local/UnrealEngine/Common/DerivedDataCache/3/9/8/STATICMESH_46A8778361B442A9523C54440EA1E9D_0DB5412B27AB480F844CC7F0BE5ABAFF_C5__AB0482EE2889E39A3C1E8CE7085386C067F64ACA.udd" 507
"C:/Users/keyle/AppData/Local/UnrealEngine/Common/DerivedDataCache/2/9/1/PHYSX_$7B1F0627AE$2DABEB$2D4206$2D8D78$2DE16BEB5DDC7E$7D_PHYSXPC_74A997CF4202A__222E302AD3401179FE311B88C7859007947A8251.udd" 508
"C:/Users/keyle/AppData/Local/UnrealEngine/Common/DerivedDataCache/8/4/1/AUDIO_0002_0000_OGG_0001_DEE0C44041EE019495540A93CEEBB612.udd" 509
"C:/Users/keyle/AppData/Local/UnrealEngine/Common/DerivedDataCache/7/1/0/STATICMESH_46A8778361B442A9523C54440EA1E9D_0DB5412B27AB480F844CC7F0BE5ABAFF_BB__6E3F1C1E4D53D552AD807488A1EAA604AA766AA7.udd" 510
"C:/Users/keyle/AppData/Local/UnrealEngine/Common/DerivedDataCache/1/7/6/PHYSX_$7B1F0627AE$2DABEB$2D4206$2D8D78$2DE16BEB5DDC7E$7D_PHYSXPC_B97EBBB844A48__3A8E54D52AFB28877DFC923196EF544D6E76D2F4.udd" 511
"C:/Users/keyle/AppData/Local/UnrealEngine/Common/DerivedDataCache/8/8/1/STATICMESH_46A8778361B442A9523C54440EA1E9D_0DB5412B27AB480F844CC7F0BE5ABAFF_67__92C99625DFF6B637CEE95DA5734601A2B4D59BD9.udd" 512
"C:/Users/keyle/AppData/Local/UnrealEngine/Common/DerivedDataCache/8/2/1/PHYSX_$7B1F0627AE$2DABEB$2D4206$2D8D78$2DE16BEB5DDC7E$7D_PHYSXPC_E2D90C7941666__9C460F7577809A1A2CD26E09E7E3AE96B3126ACE.udd" 513
"C:/Users/keyle/AppData/Local/UnrealEngine/Common/DerivedDataCache/5/5/3/MATSM_E2C1E89EE9AE4F3CA7B8E0F2C49B34EB_PCD3D_SM5_2__BC5N_DEV_SL_NODBUFA52D078C__69261A6E691D26F9DCCDB5D1FC3C3ED4BFFE2CA6.udd" 514
"C:/Users/keyle/AppData/Local/UnrealEngine/Common/DerivedDataCache/4/1/5/MATSM_E2C1E89EE9AE4F3CA7B8E0F2C49B34EB_PCD3D_SM4_2__BC5N_DEV_SL_NODBUFA52D078C__61EF3F899BCEF8A21CB94DEAA24F3195B6DE0720.udd" 515
"C:/Users/keyle/AppData/Local/UnrealEngine/Common/DerivedDataCache/1/9/0/STATICMESH_46A8778361B442A9523C54440EA1E9D_0DB5412B27AB480F844CC7F0BE5ABAFF_E7__98A97FE06B015B1917ACF11CEE778B3948E1ADBD.udd" 516
"C:/Users/keyle/AppData/Local/UnrealEngine/Common/DerivedDataCache/8/6/7/PHYSX_$7B1F0627AE$2DABEB$2D4206$2D8D78$2DE16BEB5DDC7E$7D_PHYSXPC_DE3EB33B4639C__CCC09A2D855579C192F605CB0A6E11903B20F6B2.udd" 517
"C:/Users/keyle/AppData/Local/UnrealEngine/Common/DerivedDataCache/0/2/5/STATICMESH_46A8778361B442A9523C54440EA1E9D_0DB5412B27AB480F844CC7F0BE5ABAFF_CE__DC94602EA2765CC8A725ACC88C54F857BA80D12B.udd" 518
"C:/Users/keyle/AppData/Local/UnrealEngine/Common/DerivedDataCache/8/5/1/PHYSX_$7B1F0627AE$2DABEB$2D4206$2D8D78$2DE16BEB5DDC7E$7D_PHYSXPC_CA15FCF748D99__43BA13C1CA9B6C514C1441B569C1B15561DCC6B6.udd" 519
"C:/Users/keyle/AppData/Local/UnrealEngine/Common/DerivedDataCache/3/0/8/AUDIO_0002_0000_OGG_0001_924E9EE94E3B3A293D92949F39C0DE25.udd" 520
"C:/Users/keyle/AppData/Local/UnrealEngine/Common/DerivedDataCache/9/2/6/PHYSX_$7B1F0627AE$2DABEB$2D4206$2D8D78$2DE16BEB5DDC7E$7D_PHYSXPC_5E2AC0FF43FF060FBF706C876AFD1D19__1_0_13073_0.udd" 521
"C:/Users/keyle/AppData/Local/UnrealEngine/Common/DerivedDataCache/6/7/5/PHYSX_$7B1F0627AE$2DABEB$2D4206$2D8D78$2DE16BEB5DDC7E$7D_PHYSXPC_7A1CC58B4FB41E1B8C78F5AE36AFB3CE__1_0_13073_0.udd" 522
"C:/Users/keyle/AppData/Local/UnrealEngine/Common/DerivedDataCache/3/2/4/PHYSX_$7B1F0627AE$2DABEB$2D4206$2D8D78$2DE16BEB5DDC7E$7D_PHYSXPC_CCBD367D4912182C93D3938CEC97C43C__1_0_13073_0.udd" 523
"C:/Users/keyle/AppData/Local/UnrealEngine/Common/DerivedDataCache/0/4/0/PHYSX_$7B1F0627AE$2DABEB$2D4206$2D8D78$2DE16BEB5DDC7E$7D_PHYSXPC_06F9E38443B2CB9D4798CB9AC5359A8A__1_0_13073_0.udd" 524
"C:/Users/keyle/AppData/Local/UnrealEngine/Common/DerivedDataCache/9/3/1/PHYSX_$7B1F0627AE$2DABEB$2D4206$2D8D78$2DE16BEB5DDC7E$7D_PHYSXPC_6E8575244ACBF6879B0896B44F830880__1_0_13073_0.udd" 525
"C:/Users/keyle/AppData/Local/UnrealEngine/Common/DerivedDataCache/6/2/4/PHYSX_$7B1F0627AE$2DABEB$2D4206$2D8D78$2DE16BEB5DDC7E$7D_PHYSXPC_09BFFE58442EDBA522D81D9E8E9C0B7A__1_0_13073_0.udd" 526
"../../../../../../Users/keyle/Documents/LD31/LD31/Content/wtf2.uasset" 527
"../../../../../../Users/keyle/Documents/LD31/LD31/Content/taurus3_Blueprint.uasset" 528
"../../../../../../Users/keyle/Documents/LD31/LD31/Content/taurus2.uasset" 529
"C:/Users/keyle/AppData/Local/UnrealEngine/Common/DerivedDataCache/0/3/4/STATICMESH_46A8778361B442A9523C54440EA1E9D_0DB5412B27AB480F844CC7F0BE5ABAFF_F3__C5EFEA8D5628314D8640E3FBA8262CB1427E094E.udd" 530
"C:/Users/keyle/AppData/Local/UnrealEngine/Common/DerivedDataCache/3/0/0/PHYSX_$7B1F0627AE$2DABEB$2D4206$2D8D78$2DE16BEB5DDC7E$7D_PHYSXPC_19FE77754C394__938665D67F1D032A41DAC5A0AB9BDADE9CA03152.udd" 531
"../../../../../../Users/keyle/Documents/LD31/LD31/Content/SphereSM.uasset" 532
"C:/Users/keyle/AppData/Local/UnrealEngine/Common/DerivedDataCache/3/5/6/STATICMESH_46A8778361B442A9523C54440EA1E9D_0DB5412B27AB480F844CC7F0BE5ABAFF_21__04CEC3E8BBBAA93C806C6DC40BFBCE97379257AA.udd" 533
"C:/Users/keyle/AppData/Local/UnrealEngine/Common/DerivedDataCache/1/8/8/PHYSX_$7B1F0627AE$2DABEB$2D4206$2D8D78$2DE16BEB5DDC7E$7D_PHYSXPC_EBC706D84A6B4__DFD55A1954BF6FAE4C631B9DA5A3571EA57E9F1B.udd" 534
"../../../../../../Users/keyle/Documents/LD31/LD31/Content/SphereBP.uasset" 535
"../../../../../../Users/keyle/Documents/LD31/LD31/Content/sphere2SM.uasset" 536
"C:/Users/keyle/AppData/Local/UnrealEngine/Common/DerivedDataCache/5/7/5/STATICMESH_46A8778361B442A9523C54440EA1E9D_0DB5412B27AB480F844CC7F0BE5ABAFF_BA__0F116EBFE50FA021DDE75D459D926C1E07070AF1.udd" 537
"C:/Users/keyle/AppData/Local/UnrealEngine/Common/DerivedDataCache/3/4/4/PHYSX_$7B1F0627AE$2DABEB$2D4206$2D8D78$2DE16BEB5DDC7E$7D_PHYSXPC_3FCED4ED4C53A__B15DB4C63CC5FBB69A1BF49F1729C214C386596E.udd" 538
"../../../../../../Users/keyle/Documents/LD31/LD31/Content/PB1BP.uasset" 539
"../../../../../../Users/keyle/Documents/LD31/LD31/Content/NewMaterial.uasset" 540
"../../../../../../Users/keyle/Documents/LD31/LD31/Content/Material_012.uasset" 541
"C:/Users/keyle/AppData/Local/UnrealEngine/Common/DerivedDataCache/8/4/8/MATSM_E2C1E89EE9AE4F3CA7B8E0F2C49B34EB_PCD3D_SM5_2__BC5N_DEV_SL_NODBUF57CF5872__1FB6480092C38A6078F58D2D4E48460CE3F2B49C.udd" 542
"C:/Users/keyle/AppData/Local/UnrealEngine/Common/DerivedDataCache/2/5/4/MATSM_E2C1E89EE9AE4F3CA7B8E0F2C49B34EB_PCD3D_SM4_2__BC5N_DEV_SL_NODBUF57CF5872__B848BC84E0460F7668ED4E908B9F389596716F57.udd" 543
"../../../../../../Users/keyle/Documents/LD31/LD31/Content/Material_011.uasset" 544
"C:/Users/keyle/AppData/Local/UnrealEngine/Common/DerivedDataCache/7/3/4/MATSM_E2C1E89EE9AE4F3CA7B8E0F2C49B34EB_PCD3D_SM5_2__BC5N_DEV_SL_NODBUF00961234__2B22B2BDB6104AD4C86A27C00155CB6A11046BF6.udd" 545
"C:/Users/keyle/AppData/Local/UnrealEngine/Common/DerivedDataCache/5/9/4/MATSM_E2C1E89EE9AE4F3CA7B8E0F2C49B34EB_PCD3D_SM4_2__BC5N_DEV_SL_NODBUF00961234__3ECE4E2EA942B8D874209B196B8FDEFA6F351A44.udd" 546
"../../../../../../Users/keyle/Documents/LD31/LD31/Content/Material_008.uasset" 547
"C:/Users/keyle/AppData/Local/UnrealEngine/Common/DerivedDataCache/4/8/8/MATSM_E2C1E89EE9AE4F3CA7B8E0F2C49B34EB_PCD3D_SM5_2__BC5N_DEV_SL_NODBUF68A455C7__8A348F3D029FE29B4FEB574E9228027E555E5474.udd" 548
"C:/Users/keyle/AppData/Local/UnrealEngine/Common/DerivedDataCache/7/5/6/MATSM_E2C1E89EE9AE4F3CA7B8E0F2C49B34EB_PCD3D_SM4_2__BC5N_DEV_SL_NODBUF68A455C7__E1F59EF7721DD68B0FA05BAFF649ACF33A3E2E20.udd" 549
"../../../../../../Users/keyle/Documents/LD31/LD31/Content/Material_006.uasset" 550
"C:/Users/keyle/AppData/Local/UnrealEngine/Common/DerivedDataCache/2/9/8/MATSM_E2C1E89EE9AE4F3CA7B8E0F2C49B34EB_PCD3D_SM5_2__BC5N_DEV_SL_NODBUFF6AF2744__35F9948412778B6A590BA6962CC6ABE84354F190.udd" 551
"C:/Users/keyle/AppData/Local/UnrealEngine/Common/DerivedDataCache/1/3/7/MATSM_E2C1E89EE9AE4F3CA7B8E0F2C49B34EB_PCD3D_SM4_2__BC5N_DEV_SL_NODBUFF6AF2744__AB6F2E4A6B89054732B661276F87F187449CCF1A.udd" 552
"../../../../../../Users/keyle/Documents/LD31/LD31/Content/Material_003.uasset" 553
"C:/Users/keyle/AppData/Local/UnrealEngine/Common/DerivedDataCache/7/0/7/MATSM_E2C1E89EE9AE4F3CA7B8E0F2C49B34EB_PCD3D_SM5_2__BC5N_DEV_SL_NODBUF52E33C06__A84164837216886A299797C93D31FEAF291EA098.udd" 554
"C:/Users/keyle/AppData/Local/UnrealEngine/Common/DerivedDataCache/7/0/8/MATSM_E2C1E89EE9AE4F3CA7B8E0F2C49B34EB_PCD3D_SM4_2__BC5N_DEV_SL_NODBUF52E33C06__4EB44F5790BF184DBBE507022329F2FAAD0BBC0B.udd" 555
"../../../../../../Users/keyle/Documents/LD31/LD31/Content/Material_002.uasset" 556
"C:/Users/keyle/AppData/Local/UnrealEngine/Common/DerivedDataCache/5/2/1/MATSM_E2C1E89EE9AE4F3CA7B8E0F2C49B34EB_PCD3D_SM5_2__BC5N_DEV_SL_NODBUFE66F390A__CD82C71C95B147F6C08423333E6E37D336537318.udd" 557
"C:/Users/keyle/AppData/Local/UnrealEngine/Common/DerivedDataCache/7/8/5/MATSM_E2C1E89EE9AE4F3CA7B8E0F2C49B34EB_PCD3D_SM4_2__BC5N_DEV_SL_NODBUFE66F390A__0FA5E177E38794C9E5E6F45EEF3F68927BD5FC54.udd" 558
"../../../../../../Users/keyle/Documents/LD31/LD31/Content/Material_001.uasset" 559
"C:/Users/keyle/AppData/Local/UnrealEngine/Common/DerivedDataCache/9/3/1/MATSM_E2C1E89EE9AE4F3CA7B8E0F2C49B34EB_PCD3D_SM5_2__BC5N_DEV_SL_NODBUF21938C25__35771B884538751957A13D88C5EB49F3ED5EA255.udd" 560
"C:/Users/keyle/AppData/Local/UnrealEngine/Common/DerivedDataCache/9/5/1/MATSM_E2C1E89EE9AE4F3CA7B8E0F2C49B34EB_PCD3D_SM4_2__BC5N_DEV_SL_NODBUF21938C25__4833BA72D73300A01A3FC2C1260F1D007C5B08F9.udd" 561
"../../../../../../Users/keyle/Documents/LD31/LD31/Content/MAT2.uasset" 562
"../../../../../../Users/keyle/Documents/LD31/LD31/Content/BumperBlueMat.uasset" 563
"../../../../../../Users/keyle/Documents/LD31/LD31/Content/Bumper1BP.uasset" 564
"../../../../../../Users/keyle/Documents/LD31/LD31/Content/Bumper1.uasset" 565
"C:/Users/keyle/AppData/Local/UnrealEngine/Common/DerivedDataCache/2/6/5/STATICMESH_46A8778361B442A9523C54440EA1E9D_0DB5412B27AB480F844CC7F0BE5ABAFF_CF__11FCEA04DCF185A5C92C2A86B247382F80116A87.udd" 566
"C:/Users/keyle/AppData/Local/UnrealEngine/Common/DerivedDataCache/2/4/6/PHYSX_$7B1F0627AE$2DABEB$2D4206$2D8D78$2DE16BEB5DDC7E$7D_PHYSXPC_D43C3409446B6__E203E2499DD3CD68DA42EB952D2EA60E50F719DD.udd" 567
"../../../../../../Users/keyle/Documents/LD31/LD31/Content/Box_Brush_StaticMesh.uasset" 568
"C:/Users/keyle/AppData/Local/UnrealEngine/Common/DerivedDataCache/2/2/0/STATICMESH_46A8778361B442A9523C54440EA1E9D_0DB5412B27AB480F844CC7F0BE5ABAFF_BE__C0CA0DDFC22C613D358962F9D3DC190512D83DBA.udd" 569
"C:/Users/keyle/AppData/Local/UnrealEngine/Common/DerivedDataCache/2/3/2/PHYSX_$7B1F0627AE$2DABEB$2D4206$2D8D78$2DE16BEB5DDC7E$7D_PHYSXPC_422B52DB486EA__ADE3935430A3C603F3995D3CB37E2FA4FB5DAEA9.udd" 570
